\BOOKMARK [1][-]{section.1}{Introduction}{}% 1
\BOOKMARK [1][-]{section.2}{Compiling and Installing}{}% 2
\BOOKMARK [2][-]{subsection.2.1}{System configuration}{section.2}% 3
\BOOKMARK [2][-]{subsection.2.2}{Building}{section.2}% 4
\BOOKMARK [2][-]{subsection.2.3}{Loading}{section.2}% 5
\BOOKMARK [1][-]{section.3}{Command and control}{}% 6
\BOOKMARK [2][-]{subsection.3.1}{Controlling naROOTo}{section.3}% 7
\BOOKMARK [1][-]{section.4}{Implementation}{}% 8
\BOOKMARK [2][-]{subsection.4.1}{High-level design}{section.4}% 9
\BOOKMARK [2][-]{subsection.4.2}{Obtaining address of kernel symbols}{section.4}% 10
\BOOKMARK [2][-]{subsection.4.3}{System call hooking}{section.4}% 11
\BOOKMARK [2][-]{subsection.4.4}{File hiding}{section.4}% 12
\BOOKMARK [2][-]{subsection.4.5}{Process Hiding}{section.4}% 13
\BOOKMARK [2][-]{subsection.4.6}{Module hiding}{section.4}% 14
\BOOKMARK [2][-]{subsection.4.7}{Keylogging}{section.4}% 15
\BOOKMARK [2][-]{subsection.4.8}{Command and control}{section.4}% 16
\BOOKMARK [2][-]{subsection.4.9}{Privilege Escalation}{section.4}% 17
\BOOKMARK [2][-]{subsection.4.10}{Socket hiding}{section.4}% 18
\BOOKMARK [2][-]{subsection.4.11}{Packet hiding}{section.4}% 19
\BOOKMARK [2][-]{subsection.4.12}{Port knocking}{section.4}% 20
\BOOKMARK [1][-]{section.5}{Vulnerabilities}{}% 21
\BOOKMARK [2][-]{subsection.5.1}{Detection via hooked system calls}{section.5}% 22
\BOOKMARK [2][-]{subsection.5.2}{Detection via hidden processes}{section.5}% 23
\BOOKMARK [1][-]{section.6}{Conclusion}{}% 24
